0 info it worked if it ends with ok
1 verbose cli [ 'C:\\Program Files\\nodejs\\node.exe',
1 verbose cli   'C:\\Program Files\\nodejs\\node_modules\\npm\\bin\\npm-cli.js',
1 verbose cli   'start' ]
2 info using npm@3.10.10
3 info using node@v6.11.0
4 verbose run-script [ 'prestart', 'start', 'poststart' ]
5 info lifecycle hyip@~prestart: hyip@
6 silly lifecycle hyip@~prestart: no script for prestart, continuing
7 info lifecycle hyip@~start: hyip@
8 verbose lifecycle hyip@~start: unsafe-perm in lifecycle true
9 verbose lifecycle hyip@~start: PATH: C:\Program Files\nodejs\node_modules\npm\bin\node-gyp-bin;C:\Users\daniel\Desktop\projects\hyip\node_modules\.bin;C:\ProgramData\Oracle\Java\javapath;C:\Windows\system32;C:\Windows;C:\Windows\System32\Wbem;C:\Windows\System32\WindowsPowerShell\v1.0\;C:\Program Files\nodejs\;C:\Program%Files\Git\cmd\git.exe;C:\Python27\python.exe;C:\Program Files\Skype\Phone\;C:\Users\daniel\AppData\Roaming\npm;C:\Program Files\Microsoft VS Code\bin;C:\Users\daniel\AppData\Local\.meteor\;C:\Program Files\RabbitMQ\rabbitmq_server-3.6.10\sbin
10 verbose lifecycle hyip@~start: CWD: C:\Users\daniel\Desktop\projects\hyip
11 silly lifecycle hyip@~start: Args: [ '/d /s /c', 'meteor run --settings settings.json' ]
12 silly lifecycle hyip@~start: Returned: code: 3221225477  signal: null
13 info lifecycle hyip@~start: Failed to exec start script
14 verbose stack Error: hyip@ start: `meteor run --settings settings.json`
14 verbose stack Exit status 3221225477
14 verbose stack     at EventEmitter.<anonymous> (C:\Program Files\nodejs\node_modules\npm\lib\utils\lifecycle.js:255:16)
14 verbose stack     at emitTwo (events.js:106:13)
14 verbose stack     at EventEmitter.emit (events.js:191:7)
14 verbose stack     at ChildProcess.<anonymous> (C:\Program Files\nodejs\node_modules\npm\lib\utils\spawn.js:40:14)
14 verbose stack     at emitTwo (events.js:106:13)
14 verbose stack     at ChildProcess.emit (events.js:191:7)
14 verbose stack     at maybeClose (internal/child_process.js:891:16)
14 verbose stack     at Process.ChildProcess._handle.onexit (internal/child_process.js:226:5)
15 verbose pkgid hyip@
16 verbose cwd C:\Users\daniel\Desktop\projects\hyip
17 error Windows_NT 6.1.7600
18 error argv "C:\\Program Files\\nodejs\\node.exe" "C:\\Program Files\\nodejs\\node_modules\\npm\\bin\\npm-cli.js" "start"
19 error node v6.11.0
20 error npm  v3.10.10
21 error code ELIFECYCLE
22 error hyip@ start: `meteor run --settings settings.json`
22 error Exit status 3221225477
23 error Failed at the hyip@ start script 'meteor run --settings settings.json'.
23 error Make sure you have the latest version of node.js and npm installed.
23 error If you do, this is most likely a problem with the hyip package,
23 error not with npm itself.
23 error Tell the author that this fails on your system:
23 error     meteor run --settings settings.json
23 error You can get information on how to open an issue for this project with:
23 error     npm bugs hyip
23 error Or if that isn't available, you can get their info via:
23 error     npm owner ls hyip
23 error There is likely additional logging output above.
24 verbose exit [ 1, true ]
